2018-10-17 16:00:16.058  INFO 4852 --- [restartedMain] com.upload.demo.DemoApplication          : Starting DemoApplication on C1-T-TE-0059 with PID 4852 (E:\workspace\IdeaProjects\demo\target\classes started by 00056929 in E:\workspace\IdeaProjects\demo)
2018-10-17 16:00:16.060  INFO 4852 --- [restartedMain] com.upload.demo.DemoApplication          : No active profile set, falling back to default profiles: default
2018-10-17 16:00:16.097  INFO 4852 --- [restartedMain] ConfigServletWebServerApplicationContext : Refreshing org.springframework.boot.web.servlet.context.AnnotationConfigServletWebServerApplicationContext@148a971a: startup date [Wed Oct 17 16:00:16 CST 2018]; root of context hierarchy
2018-10-17 16:00:16.840  WARN 4852 --- [restartedMain] o.m.s.mapper.ClassPathMapperScanner      : No MyBatis mapper was found in '[com.upload.demo]' package. Please check your configuration.
2018-10-17 16:00:17.232  INFO 4852 --- [restartedMain] trationDelegate$BeanPostProcessorChecker : Bean 'org.springframework.ws.config.annotation.DelegatingWsConfiguration' of type [org.springframework.ws.config.annotation.DelegatingWsConfiguration$$EnhancerBySpringCGLIB$$fc2f389f] is not eligible for getting processed by all BeanPostProcessors (for example: not eligible for auto-proxying)
2018-10-17 16:00:17.264  INFO 4852 --- [restartedMain] .w.s.a.s.AnnotationActionEndpointMapping : Supporting [WS-Addressing August 2004, WS-Addressing 1.0]
2018-10-17 16:00:18.026  INFO 4852 --- [restartedMain] o.s.b.w.embedded.tomcat.TomcatWebServer  : Tomcat initialized with port(s): 8888 (http)
2018-10-17 16:00:18.063  INFO 4852 --- [restartedMain] o.apache.catalina.core.StandardService   : Starting service [Tomcat]
2018-10-17 16:00:18.063  INFO 4852 --- [restartedMain] org.apache.catalina.core.StandardEngine  : Starting Servlet Engine: Apache Tomcat/8.5.34
2018-10-17 16:00:18.067  INFO 4852 --- [localhost-startStop-1] o.a.catalina.core.AprLifecycleListener   : The APR based Apache Tomcat Native library which allows optimal performance in production environments was not found on the java.library.path: [C:\Program Files\Java\jdk1.8.0_171\bin;C:\Windows\Sun\Java\bin;C:\Windows\system32;C:\Windows;D:\soft\Python\Scripts\;D:\soft\Python\;D:\oracle\product\11.2.0\client_1\bin;C:\Program Files (x86)\Common Files\Oracle\Java\javapath;C:\Windows\system32;C:\Windows;C:\Windows\System32\Wbem;C:\Windows\System32\WindowsPowerShell\v1.0\;C:\Windows\System32\OpenSSH\;C:\Program Files\Java\jdk1.8.0_171\bin;D:\soft\Git\Git\cmd;C:\Program Files\TortoiseSVN\bin;C:\Program Files\apache-maven-3.5.4\bin;C:\Program Files\SlikSvn\bin;C:\Windows\Microsoft.NET\Framework\v2.0.50727;C:\Program Files (x86)\Microsoft SQL Server\90\Tools\binn\;C:\Users\00056929\AppData\Local\Microsoft\WindowsApps;c:\program files\esafenet\cobra docguard client;;D:\soft\fiddler;.]
2018-10-17 16:00:18.318  INFO 4852 --- [localhost-startStop-1] o.a.c.c.C.[Tomcat].[localhost].[/]       : Initializing Spring embedded WebApplicationContext
2018-10-17 16:00:18.318  INFO 4852 --- [localhost-startStop-1] o.s.web.context.ContextLoader            : Root WebApplicationContext: initialization completed in 2221 ms
2018-10-17 16:00:18.448  INFO 4852 --- [localhost-startStop-1] o.s.b.w.servlet.ServletRegistrationBean  : Servlet dispatcherServlet mapped to [/]
2018-10-17 16:00:18.449  INFO 4852 --- [localhost-startStop-1] o.s.b.w.servlet.ServletRegistrationBean  : Servlet messageDispatcherServlet mapped to [/services/*]
2018-10-17 16:00:18.452  INFO 4852 --- [localhost-startStop-1] o.s.b.w.servlet.FilterRegistrationBean   : Mapping filter: 'characterEncodingFilter' to: [/*]
2018-10-17 16:00:18.453  INFO 4852 --- [localhost-startStop-1] o.s.b.w.servlet.FilterRegistrationBean   : Mapping filter: 'hiddenHttpMethodFilter' to: [/*]
2018-10-17 16:00:18.453  INFO 4852 --- [localhost-startStop-1] o.s.b.w.servlet.FilterRegistrationBean   : Mapping filter: 'httpPutFormContentFilter' to: [/*]
2018-10-17 16:00:18.453  INFO 4852 --- [localhost-startStop-1] o.s.b.w.servlet.FilterRegistrationBean   : Mapping filter: 'requestContextFilter' to: [/*]
2018-10-17 16:00:18.545  INFO 4852 --- [restartedMain] o.s.w.s.handler.SimpleUrlHandlerMapping  : Mapped URL path [/**/favicon.ico] onto handler of type [class org.springframework.web.servlet.resource.ResourceHttpRequestHandler]
2018-10-17 16:00:18.701  INFO 4852 --- [restartedMain] s.w.s.m.m.a.RequestMappingHandlerAdapter : Looking for @ControllerAdvice: org.springframework.boot.web.servlet.context.AnnotationConfigServletWebServerApplicationContext@148a971a: startup date [Wed Oct 17 16:00:16 CST 2018]; root of context hierarchy
2018-10-17 16:00:18.746  INFO 4852 --- [restartedMain] s.w.s.m.m.a.RequestMappingHandlerMapping : Mapped "{[/upload/test]}" onto public java.lang.String com.upload.demo.controller.UploadController.test()
2018-10-17 16:00:18.747  INFO 4852 --- [restartedMain] s.w.s.m.m.a.RequestMappingHandlerMapping : Mapped "{[/upload/login]}" onto public java.lang.String com.upload.demo.controller.UploadController.login()
2018-10-17 16:00:18.748  INFO 4852 --- [restartedMain] s.w.s.m.m.a.RequestMappingHandlerMapping : Mapped "{[/upload/queryFile]}" onto public com.upload.demo.entity.ZtreeNodeEntity com.upload.demo.controller.UploadController.getDir(java.lang.String) throws java.net.MalformedURLException,jcifs.smb.SmbException
2018-10-17 16:00:18.748  INFO 4852 --- [restartedMain] s.w.s.m.m.a.RequestMappingHandlerMapping : Mapped "{[/upload/main]}" onto public java.lang.String com.upload.demo.controller.UploadController.toMain(org.springframework.ui.ModelMap)
2018-10-17 16:00:18.749  INFO 4852 --- [restartedMain] s.w.s.m.m.a.RequestMappingHandlerMapping : Mapped "{[/upload/uploadFiles]}" onto public java.util.Map<java.lang.String, java.lang.String> com.upload.demo.controller.UploadController.uploadFiles(org.springframework.web.multipart.MultipartFile[],java.lang.String,java.lang.String,java.lang.String,java.lang.String,javax.servlet.http.HttpServletRequest,javax.servlet.http.HttpServletResponse) throws java.io.IOException
2018-10-17 16:00:18.749  INFO 4852 --- [restartedMain] s.w.s.m.m.a.RequestMappingHandlerMapping : Mapped "{[/upload/checkUser],produces=[application/json;charset=utf-8]}" onto public void com.upload.demo.controller.UploadController.checkUser(javax.servlet.http.HttpServletRequest,javax.servlet.http.HttpServletResponse) throws java.io.IOException
2018-10-17 16:00:18.749  INFO 4852 --- [restartedMain] s.w.s.m.m.a.RequestMappingHandlerMapping : Mapped "{[/upload/uploadFile]}" onto public java.util.Map<java.lang.String, java.lang.String> com.upload.demo.controller.UploadController.uploadFile(org.springframework.web.multipart.MultipartFile[],java.lang.String,java.lang.String,java.lang.String,java.lang.String,javax.servlet.http.HttpServletRequest,javax.servlet.http.HttpServletResponse)
2018-10-17 16:00:18.750  INFO 4852 --- [restartedMain] s.w.s.m.m.a.RequestMappingHandlerMapping : Mapped "{[/upload/toQuery]}" onto public java.lang.String com.upload.demo.controller.UploadController.toQuery()
2018-10-17 16:00:18.750  INFO 4852 --- [restartedMain] s.w.s.m.m.a.RequestMappingHandlerMapping : Mapped "{[/error]}" onto public org.springframework.http.ResponseEntity<java.util.Map<java.lang.String, java.lang.Object>> org.springframework.boot.autoconfigure.web.servlet.error.BasicErrorController.error(javax.servlet.http.HttpServletRequest)
2018-10-17 16:00:18.750  INFO 4852 --- [restartedMain] s.w.s.m.m.a.RequestMappingHandlerMapping : Mapped "{[/error],produces=[text/html]}" onto public org.springframework.web.servlet.ModelAndView org.springframework.boot.autoconfigure.web.servlet.error.BasicErrorController.errorHtml(javax.servlet.http.HttpServletRequest,javax.servlet.http.HttpServletResponse)
2018-10-17 16:00:18.773  INFO 4852 --- [restartedMain] o.s.w.s.handler.SimpleUrlHandlerMapping  : Mapped URL path [/webjars/**] onto handler of type [class org.springframework.web.servlet.resource.ResourceHttpRequestHandler]
2018-10-17 16:00:18.773  INFO 4852 --- [restartedMain] o.s.w.s.handler.SimpleUrlHandlerMapping  : Mapped URL path [/**] onto handler of type [class org.springframework.web.servlet.resource.ResourceHttpRequestHandler]
2018-10-17 16:00:18.821  WARN 4852 --- [restartedMain] org.thymeleaf.templatemode.TemplateMode  : [THYMELEAF][restartedMain] Template Mode 'HTML5' is deprecated. Using Template Mode 'HTML' instead.
2018-10-17 16:00:19.349  INFO 4852 --- [restartedMain] o.s.b.d.a.OptionalLiveReloadServer       : LiveReload server is running on port 35729
2018-10-17 16:00:19.384  INFO 4852 --- [restartedMain] o.s.j.e.a.AnnotationMBeanExporter        : Registering beans for JMX exposure on startup
2018-10-17 16:00:19.385  INFO 4852 --- [restartedMain] o.s.j.e.a.AnnotationMBeanExporter        : Bean with name 'dataSource' has been autodetected for JMX exposure
2018-10-17 16:00:19.393  INFO 4852 --- [restartedMain] o.s.j.e.a.AnnotationMBeanExporter        : Located MBean 'dataSource': registering with JMX server as MBean [com.zaxxer.hikari:name=dataSource,type=HikariDataSource]
2018-10-17 16:00:19.610  INFO 4852 --- [restartedMain] o.s.b.w.embedded.tomcat.TomcatWebServer  : Tomcat started on port(s): 8888 (http) with context path ''
2018-10-17 16:00:19.617  INFO 4852 --- [restartedMain] com.upload.demo.DemoApplication          : Started DemoApplication in 4.022 seconds (JVM running for 5.704)
2018-10-17 16:03:47.188  INFO 20788 --- [restartedMain] com.upload.demo.DemoApplication          : Starting DemoApplication on C1-T-TE-0059 with PID 20788 (E:\workspace\IdeaProjects\demo\target\classes started by 00056929 in E:\workspace\IdeaProjects\demo)
2018-10-17 16:03:47.191  INFO 20788 --- [restartedMain] com.upload.demo.DemoApplication          : No active profile set, falling back to default profiles: default
2018-10-17 16:03:47.247  INFO 20788 --- [restartedMain] ConfigServletWebServerApplicationContext : Refreshing org.springframework.boot.web.servlet.context.AnnotationConfigServletWebServerApplicationContext@75397dd1: startup date [Wed Oct 17 16:03:47 CST 2018]; root of context hierarchy
2018-10-17 16:03:48.178  WARN 20788 --- [restartedMain] o.m.s.mapper.ClassPathMapperScanner      : No MyBatis mapper was found in '[com.upload.demo]' package. Please check your configuration.
2018-10-17 16:03:48.577  INFO 20788 --- [restartedMain] trationDelegate$BeanPostProcessorChecker : Bean 'org.springframework.ws.config.annotation.DelegatingWsConfiguration' of type [org.springframework.ws.config.annotation.DelegatingWsConfiguration$$EnhancerBySpringCGLIB$$e4f01605] is not eligible for getting processed by all BeanPostProcessors (for example: not eligible for auto-proxying)
2018-10-17 16:03:48.616  INFO 20788 --- [restartedMain] .w.s.a.s.AnnotationActionEndpointMapping : Supporting [WS-Addressing August 2004, WS-Addressing 1.0]
2018-10-17 16:03:49.158  INFO 20788 --- [restartedMain] o.s.b.w.embedded.tomcat.TomcatWebServer  : Tomcat initialized with port(s): 9090 (http)
2018-10-17 16:03:49.175  INFO 20788 --- [restartedMain] o.apache.catalina.core.StandardService   : Starting service [Tomcat]
2018-10-17 16:03:49.175  INFO 20788 --- [restartedMain] org.apache.catalina.core.StandardEngine  : Starting Servlet Engine: Apache Tomcat/8.5.34
2018-10-17 16:03:49.178  INFO 20788 --- [localhost-startStop-1] o.a.catalina.core.AprLifecycleListener   : The APR based Apache Tomcat Native library which allows optimal performance in production environments was not found on the java.library.path: [C:\Program Files\Java\jdk1.8.0_171\bin;C:\Windows\Sun\Java\bin;C:\Windows\system32;C:\Windows;D:\soft\Python\Scripts\;D:\soft\Python\;D:\oracle\product\11.2.0\client_1\bin;C:\Program Files (x86)\Common Files\Oracle\Java\javapath;C:\Windows\system32;C:\Windows;C:\Windows\System32\Wbem;C:\Windows\System32\WindowsPowerShell\v1.0\;C:\Windows\System32\OpenSSH\;C:\Program Files\Java\jdk1.8.0_171\bin;D:\soft\Git\Git\cmd;C:\Program Files\TortoiseSVN\bin;C:\Program Files\apache-maven-3.5.4\bin;C:\Program Files\SlikSvn\bin;C:\Windows\Microsoft.NET\Framework\v2.0.50727;C:\Program Files (x86)\Microsoft SQL Server\90\Tools\binn\;C:\Users\00056929\AppData\Local\Microsoft\WindowsApps;c:\program files\esafenet\cobra docguard client;;D:\soft\fiddler;.]
2018-10-17 16:03:49.420  INFO 20788 --- [localhost-startStop-1] o.a.c.c.C.[Tomcat].[localhost].[/]       : Initializing Spring embedded WebApplicationContext
2018-10-17 16:03:49.420  INFO 20788 --- [localhost-startStop-1] o.s.web.context.ContextLoader            : Root WebApplicationContext: initialization completed in 2173 ms
2018-10-17 16:03:49.562  INFO 20788 --- [localhost-startStop-1] o.s.b.w.servlet.ServletRegistrationBean  : Servlet dispatcherServlet mapped to [/]
2018-10-17 16:03:49.563  INFO 20788 --- [localhost-startStop-1] o.s.b.w.servlet.ServletRegistrationBean  : Servlet messageDispatcherServlet mapped to [/services/*]
2018-10-17 16:03:49.567  INFO 20788 --- [localhost-startStop-1] o.s.b.w.servlet.FilterRegistrationBean   : Mapping filter: 'characterEncodingFilter' to: [/*]
2018-10-17 16:03:49.567  INFO 20788 --- [localhost-startStop-1] o.s.b.w.servlet.FilterRegistrationBean   : Mapping filter: 'hiddenHttpMethodFilter' to: [/*]
2018-10-17 16:03:49.567  INFO 20788 --- [localhost-startStop-1] o.s.b.w.servlet.FilterRegistrationBean   : Mapping filter: 'httpPutFormContentFilter' to: [/*]
2018-10-17 16:03:49.567  INFO 20788 --- [localhost-startStop-1] o.s.b.w.servlet.FilterRegistrationBean   : Mapping filter: 'requestContextFilter' to: [/*]
2018-10-17 16:03:49.675  INFO 20788 --- [restartedMain] o.s.w.s.handler.SimpleUrlHandlerMapping  : Mapped URL path [/**/favicon.ico] onto handler of type [class org.springframework.web.servlet.resource.ResourceHttpRequestHandler]
2018-10-17 16:03:49.862  INFO 20788 --- [restartedMain] s.w.s.m.m.a.RequestMappingHandlerAdapter : Looking for @ControllerAdvice: org.springframework.boot.web.servlet.context.AnnotationConfigServletWebServerApplicationContext@75397dd1: startup date [Wed Oct 17 16:03:47 CST 2018]; root of context hierarchy
2018-10-17 16:03:49.919  INFO 20788 --- [restartedMain] s.w.s.m.m.a.RequestMappingHandlerMapping : Mapped "{[/upload/test]}" onto public java.lang.String com.upload.demo.controller.UploadController.test()
2018-10-17 16:03:49.920  INFO 20788 --- [restartedMain] s.w.s.m.m.a.RequestMappingHandlerMapping : Mapped "{[/upload/login]}" onto public java.lang.String com.upload.demo.controller.UploadController.login()
2018-10-17 16:03:49.921  INFO 20788 --- [restartedMain] s.w.s.m.m.a.RequestMappingHandlerMapping : Mapped "{[/upload/queryFile]}" onto public com.upload.demo.entity.ZtreeNodeEntity com.upload.demo.controller.UploadController.getDir(java.lang.String) throws java.net.MalformedURLException,jcifs.smb.SmbException
2018-10-17 16:03:49.922  INFO 20788 --- [restartedMain] s.w.s.m.m.a.RequestMappingHandlerMapping : Mapped "{[/upload/checkUser],produces=[application/json;charset=utf-8]}" onto public void com.upload.demo.controller.UploadController.checkUser(javax.servlet.http.HttpServletRequest,javax.servlet.http.HttpServletResponse) throws java.io.IOException
2018-10-17 16:03:49.922  INFO 20788 --- [restartedMain] s.w.s.m.m.a.RequestMappingHandlerMapping : Mapped "{[/upload/uploadFiles]}" onto public java.util.Map<java.lang.String, java.lang.String> com.upload.demo.controller.UploadController.uploadFiles(org.springframework.web.multipart.MultipartFile[],java.lang.String,java.lang.String,java.lang.String,java.lang.String,javax.servlet.http.HttpServletRequest,javax.servlet.http.HttpServletResponse) throws java.io.IOException
2018-10-17 16:03:49.923  INFO 20788 --- [restartedMain] s.w.s.m.m.a.RequestMappingHandlerMapping : Mapped "{[/upload/main]}" onto public java.lang.String com.upload.demo.controller.UploadController.toMain(org.springframework.ui.ModelMap)
2018-10-17 16:03:49.923  INFO 20788 --- [restartedMain] s.w.s.m.m.a.RequestMappingHandlerMapping : Mapped "{[/upload/uploadFile]}" onto public java.util.Map<java.lang.String, java.lang.String> com.upload.demo.controller.UploadController.uploadFile(org.springframework.web.multipart.MultipartFile[],java.lang.String,java.lang.String,java.lang.String,java.lang.String,javax.servlet.http.HttpServletRequest,javax.servlet.http.HttpServletResponse)
2018-10-17 16:03:49.923  INFO 20788 --- [restartedMain] s.w.s.m.m.a.RequestMappingHandlerMapping : Mapped "{[/upload/toQuery]}" onto public java.lang.String com.upload.demo.controller.UploadController.toQuery()
2018-10-17 16:03:49.925  INFO 20788 --- [restartedMain] s.w.s.m.m.a.RequestMappingHandlerMapping : Mapped "{[/error]}" onto public org.springframework.http.ResponseEntity<java.util.Map<java.lang.String, java.lang.Object>> org.springframework.boot.autoconfigure.web.servlet.error.BasicErrorController.error(javax.servlet.http.HttpServletRequest)
2018-10-17 16:03:49.926  INFO 20788 --- [restartedMain] s.w.s.m.m.a.RequestMappingHandlerMapping : Mapped "{[/error],produces=[text/html]}" onto public org.springframework.web.servlet.ModelAndView org.springframework.boot.autoconfigure.web.servlet.error.BasicErrorController.errorHtml(javax.servlet.http.HttpServletRequest,javax.servlet.http.HttpServletResponse)
2018-10-17 16:03:49.953  INFO 20788 --- [restartedMain] o.s.w.s.handler.SimpleUrlHandlerMapping  : Mapped URL path [/webjars/**] onto handler of type [class org.springframework.web.servlet.resource.ResourceHttpRequestHandler]
2018-10-17 16:03:49.954  INFO 20788 --- [restartedMain] o.s.w.s.handler.SimpleUrlHandlerMapping  : Mapped URL path [/**] onto handler of type [class org.springframework.web.servlet.resource.ResourceHttpRequestHandler]
2018-10-17 16:03:50.008  WARN 20788 --- [restartedMain] org.thymeleaf.templatemode.TemplateMode  : [THYMELEAF][restartedMain] Template Mode 'HTML5' is deprecated. Using Template Mode 'HTML' instead.
2018-10-17 16:03:50.525  INFO 20788 --- [restartedMain] o.s.b.d.a.OptionalLiveReloadServer       : LiveReload server is running on port 35729
2018-10-17 16:03:50.551  INFO 20788 --- [restartedMain] o.s.j.e.a.AnnotationMBeanExporter        : Registering beans for JMX exposure on startup
2018-10-17 16:03:50.552  INFO 20788 --- [restartedMain] o.s.j.e.a.AnnotationMBeanExporter        : Bean with name 'dataSource' has been autodetected for JMX exposure
2018-10-17 16:03:50.556  INFO 20788 --- [restartedMain] o.s.j.e.a.AnnotationMBeanExporter        : Located MBean 'dataSource': registering with JMX server as MBean [com.zaxxer.hikari:name=dataSource,type=HikariDataSource]
2018-10-17 16:03:50.727  INFO 20788 --- [restartedMain] o.s.b.w.embedded.tomcat.TomcatWebServer  : Tomcat started on port(s): 9090 (http) with context path ''
2018-10-17 16:03:50.735  INFO 20788 --- [restartedMain] com.upload.demo.DemoApplication          : Started DemoApplication in 4.128 seconds (JVM running for 5.632)
2018-10-17 16:07:19.027  INFO 21232 --- [restartedMain] com.upload.demo.DemoApplication          : Starting DemoApplication on C1-T-TE-0059 with PID 21232 (E:\workspace\IdeaProjects\demo\target\classes started by 00056929 in E:\workspace\IdeaProjects\demo)
2018-10-17 16:07:19.030  INFO 21232 --- [restartedMain] com.upload.demo.DemoApplication          : No active profile set, falling back to default profiles: default
2018-10-17 16:07:19.075  INFO 21232 --- [restartedMain] ConfigServletWebServerApplicationContext : Refreshing org.springframework.boot.web.servlet.context.AnnotationConfigServletWebServerApplicationContext@6b0c84d2: startup date [Wed Oct 17 16:07:19 CST 2018]; root of context hierarchy
2018-10-17 16:07:19.918  WARN 21232 --- [restartedMain] o.m.s.mapper.ClassPathMapperScanner      : No MyBatis mapper was found in '[com.upload.demo]' package. Please check your configuration.
2018-10-17 16:07:20.344  INFO 21232 --- [restartedMain] trationDelegate$BeanPostProcessorChecker : Bean 'org.springframework.ws.config.annotation.DelegatingWsConfiguration' of type [org.springframework.ws.config.annotation.DelegatingWsConfiguration$$EnhancerBySpringCGLIB$$3c852c9b] is not eligible for getting processed by all BeanPostProcessors (for example: not eligible for auto-proxying)
2018-10-17 16:07:20.377  INFO 21232 --- [restartedMain] .w.s.a.s.AnnotationActionEndpointMapping : Supporting [WS-Addressing August 2004, WS-Addressing 1.0]
2018-10-17 16:07:20.861  INFO 21232 --- [restartedMain] o.s.b.w.embedded.tomcat.TomcatWebServer  : Tomcat initialized with port(s): 8011 (http)
2018-10-17 16:07:20.878  INFO 21232 --- [restartedMain] o.apache.catalina.core.StandardService   : Starting service [Tomcat]
2018-10-17 16:07:20.878  INFO 21232 --- [restartedMain] org.apache.catalina.core.StandardEngine  : Starting Servlet Engine: Apache Tomcat/8.5.34
2018-10-17 16:07:20.881  INFO 21232 --- [localhost-startStop-1] o.a.catalina.core.AprLifecycleListener   : The APR based Apache Tomcat Native library which allows optimal performance in production environments was not found on the java.library.path: [C:\Program Files\Java\jdk1.8.0_171\bin;C:\Windows\Sun\Java\bin;C:\Windows\system32;C:\Windows;D:\soft\Python\Scripts\;D:\soft\Python\;D:\oracle\product\11.2.0\client_1\bin;C:\Program Files (x86)\Common Files\Oracle\Java\javapath;C:\Windows\system32;C:\Windows;C:\Windows\System32\Wbem;C:\Windows\System32\WindowsPowerShell\v1.0\;C:\Windows\System32\OpenSSH\;C:\Program Files\Java\jdk1.8.0_171\bin;D:\soft\Git\Git\cmd;C:\Program Files\TortoiseSVN\bin;C:\Program Files\apache-maven-3.5.4\bin;C:\Program Files\SlikSvn\bin;C:\Windows\Microsoft.NET\Framework\v2.0.50727;C:\Program Files (x86)\Microsoft SQL Server\90\Tools\binn\;C:\Users\00056929\AppData\Local\Microsoft\WindowsApps;c:\program files\esafenet\cobra docguard client;;D:\soft\fiddler;.]
2018-10-17 16:07:21.122  INFO 21232 --- [localhost-startStop-1] o.a.c.c.C.[Tomcat].[localhost].[/]       : Initializing Spring embedded WebApplicationContext
2018-10-17 16:07:21.123  INFO 21232 --- [localhost-startStop-1] o.s.web.context.ContextLoader            : Root WebApplicationContext: initialization completed in 2048 ms
2018-10-17 16:07:21.261  INFO 21232 --- [localhost-startStop-1] o.s.b.w.servlet.ServletRegistrationBean  : Servlet dispatcherServlet mapped to [/]
2018-10-17 16:07:21.263  INFO 21232 --- [localhost-startStop-1] o.s.b.w.servlet.ServletRegistrationBean  : Servlet messageDispatcherServlet mapped to [/services/*]
2018-10-17 16:07:21.266  INFO 21232 --- [localhost-startStop-1] o.s.b.w.servlet.FilterRegistrationBean   : Mapping filter: 'characterEncodingFilter' to: [/*]
2018-10-17 16:07:21.266  INFO 21232 --- [localhost-startStop-1] o.s.b.w.servlet.FilterRegistrationBean   : Mapping filter: 'hiddenHttpMethodFilter' to: [/*]
2018-10-17 16:07:21.266  INFO 21232 --- [localhost-startStop-1] o.s.b.w.servlet.FilterRegistrationBean   : Mapping filter: 'httpPutFormContentFilter' to: [/*]
2018-10-17 16:07:21.266  INFO 21232 --- [localhost-startStop-1] o.s.b.w.servlet.FilterRegistrationBean   : Mapping filter: 'requestContextFilter' to: [/*]
2018-10-17 16:07:21.371  INFO 21232 --- [restartedMain] o.s.w.s.handler.SimpleUrlHandlerMapping  : Mapped URL path [/**/favicon.ico] onto handler of type [class org.springframework.web.servlet.resource.ResourceHttpRequestHandler]
2018-10-17 16:07:21.532  INFO 21232 --- [restartedMain] s.w.s.m.m.a.RequestMappingHandlerAdapter : Looking for @ControllerAdvice: org.springframework.boot.web.servlet.context.AnnotationConfigServletWebServerApplicationContext@6b0c84d2: startup date [Wed Oct 17 16:07:19 CST 2018]; root of context hierarchy
2018-10-17 16:07:21.575  INFO 21232 --- [restartedMain] s.w.s.m.m.a.RequestMappingHandlerMapping : Mapped "{[/upload/test]}" onto public java.lang.String com.upload.demo.controller.UploadController.test()
2018-10-17 16:07:21.576  INFO 21232 --- [restartedMain] s.w.s.m.m.a.RequestMappingHandlerMapping : Mapped "{[/upload/login]}" onto public java.lang.String com.upload.demo.controller.UploadController.login()
2018-10-17 16:07:21.578  INFO 21232 --- [restartedMain] s.w.s.m.m.a.RequestMappingHandlerMapping : Mapped "{[/upload/checkUser],produces=[application/json;charset=utf-8]}" onto public void com.upload.demo.controller.UploadController.checkUser(javax.servlet.http.HttpServletRequest,javax.servlet.http.HttpServletResponse) throws java.io.IOException
2018-10-17 16:07:21.579  INFO 21232 --- [restartedMain] s.w.s.m.m.a.RequestMappingHandlerMapping : Mapped "{[/upload/main]}" onto public java.lang.String com.upload.demo.controller.UploadController.toMain(org.springframework.ui.ModelMap)
2018-10-17 16:07:21.579  INFO 21232 --- [restartedMain] s.w.s.m.m.a.RequestMappingHandlerMapping : Mapped "{[/upload/uploadFiles]}" onto public java.util.Map<java.lang.String, java.lang.String> com.upload.demo.controller.UploadController.uploadFiles(org.springframework.web.multipart.MultipartFile[],java.lang.String,java.lang.String,java.lang.String,java.lang.String,javax.servlet.http.HttpServletRequest,javax.servlet.http.HttpServletResponse) throws java.io.IOException
2018-10-17 16:07:21.580  INFO 21232 --- [restartedMain] s.w.s.m.m.a.RequestMappingHandlerMapping : Mapped "{[/upload/toQuery]}" onto public java.lang.String com.upload.demo.controller.UploadController.toQuery()
2018-10-17 16:07:21.580  INFO 21232 --- [restartedMain] s.w.s.m.m.a.RequestMappingHandlerMapping : Mapped "{[/upload/uploadFile]}" onto public java.util.Map<java.lang.String, java.lang.String> com.upload.demo.controller.UploadController.uploadFile(org.springframework.web.multipart.MultipartFile[],java.lang.String,java.lang.String,java.lang.String,java.lang.String,javax.servlet.http.HttpServletRequest,javax.servlet.http.HttpServletResponse)
2018-10-17 16:07:21.580  INFO 21232 --- [restartedMain] s.w.s.m.m.a.RequestMappingHandlerMapping : Mapped "{[/upload/queryFile]}" onto public com.upload.demo.entity.ZtreeNodeEntity com.upload.demo.controller.UploadController.getDir(java.lang.String) throws java.net.MalformedURLException,jcifs.smb.SmbException
2018-10-17 16:07:21.582  INFO 21232 --- [restartedMain] s.w.s.m.m.a.RequestMappingHandlerMapping : Mapped "{[/error]}" onto public org.springframework.http.ResponseEntity<java.util.Map<java.lang.String, java.lang.Object>> org.springframework.boot.autoconfigure.web.servlet.error.BasicErrorController.error(javax.servlet.http.HttpServletRequest)
2018-10-17 16:07:21.582  INFO 21232 --- [restartedMain] s.w.s.m.m.a.RequestMappingHandlerMapping : Mapped "{[/error],produces=[text/html]}" onto public org.springframework.web.servlet.ModelAndView org.springframework.boot.autoconfigure.web.servlet.error.BasicErrorController.errorHtml(javax.servlet.http.HttpServletRequest,javax.servlet.http.HttpServletResponse)
2018-10-17 16:07:21.603  INFO 21232 --- [restartedMain] o.s.w.s.handler.SimpleUrlHandlerMapping  : Mapped URL path [/webjars/**] onto handler of type [class org.springframework.web.servlet.resource.ResourceHttpRequestHandler]
2018-10-17 16:07:21.604  INFO 21232 --- [restartedMain] o.s.w.s.handler.SimpleUrlHandlerMapping  : Mapped URL path [/**] onto handler of type [class org.springframework.web.servlet.resource.ResourceHttpRequestHandler]
2018-10-17 16:07:21.655  WARN 21232 --- [restartedMain] org.thymeleaf.templatemode.TemplateMode  : [THYMELEAF][restartedMain] Template Mode 'HTML5' is deprecated. Using Template Mode 'HTML' instead.
2018-10-17 16:07:22.216  INFO 21232 --- [restartedMain] o.s.b.d.a.OptionalLiveReloadServer       : LiveReload server is running on port 35729
2018-10-17 16:07:22.240  INFO 21232 --- [restartedMain] o.s.j.e.a.AnnotationMBeanExporter        : Registering beans for JMX exposure on startup
2018-10-17 16:07:22.241  INFO 21232 --- [restartedMain] o.s.j.e.a.AnnotationMBeanExporter        : Bean with name 'dataSource' has been autodetected for JMX exposure
2018-10-17 16:07:22.245  INFO 21232 --- [restartedMain] o.s.j.e.a.AnnotationMBeanExporter        : Located MBean 'dataSource': registering with JMX server as MBean [com.zaxxer.hikari:name=dataSource,type=HikariDataSource]
2018-10-17 16:07:22.372  INFO 21232 --- [restartedMain] o.s.b.w.embedded.tomcat.TomcatWebServer  : Tomcat started on port(s): 8011 (http) with context path ''
2018-10-17 16:07:22.375  INFO 21232 --- [restartedMain] com.upload.demo.DemoApplication          : Started DemoApplication in 3.843 seconds (JVM running for 5.226)
2018-10-17 16:08:36.612  INFO 8148 --- [main] com.upload.demo.DemoApplicationTests     : Starting DemoApplicationTests on C1-T-TE-0059 with PID 8148 (started by 00056929 in E:\workspace\IdeaProjects\demo)
2018-10-17 16:08:36.614  INFO 8148 --- [main] com.upload.demo.DemoApplicationTests     : No active profile set, falling back to default profiles: default
2018-10-17 16:08:36.656  INFO 8148 --- [main] o.s.w.c.s.GenericWebApplicationContext   : Refreshing org.springframework.web.context.support.GenericWebApplicationContext@6dd7b5a3: startup date [Wed Oct 17 16:08:36 CST 2018]; root of context hierarchy
2018-10-17 16:08:37.525  WARN 8148 --- [main] o.m.s.mapper.ClassPathMapperScanner      : No MyBatis mapper was found in '[com.upload.demo]' package. Please check your configuration.
2018-10-17 16:08:38.168  INFO 8148 --- [main] trationDelegate$BeanPostProcessorChecker : Bean 'org.springframework.ws.config.annotation.DelegatingWsConfiguration' of type [org.springframework.ws.config.annotation.DelegatingWsConfiguration$$EnhancerBySpringCGLIB$$a3691444] is not eligible for getting processed by all BeanPostProcessors (for example: not eligible for auto-proxying)
2018-10-17 16:08:38.222  INFO 8148 --- [main] .w.s.a.s.AnnotationActionEndpointMapping : Supporting [WS-Addressing August 2004, WS-Addressing 1.0]
2018-10-17 16:08:38.745  INFO 8148 --- [main] o.s.w.s.handler.SimpleUrlHandlerMapping  : Mapped URL path [/**/favicon.ico] onto handler of type [class org.springframework.web.servlet.resource.ResourceHttpRequestHandler]
2018-10-17 16:08:38.986  INFO 8148 --- [main] s.w.s.m.m.a.RequestMappingHandlerAdapter : Looking for @ControllerAdvice: org.springframework.web.context.support.GenericWebApplicationContext@6dd7b5a3: startup date [Wed Oct 17 16:08:36 CST 2018]; root of context hierarchy
2018-10-17 16:08:39.104  INFO 8148 --- [main] s.w.s.m.m.a.RequestMappingHandlerMapping : Mapped "{[/upload/test]}" onto public java.lang.String com.upload.demo.controller.UploadController.test()
2018-10-17 16:08:39.106  INFO 8148 --- [main] s.w.s.m.m.a.RequestMappingHandlerMapping : Mapped "{[/upload/login]}" onto public java.lang.String com.upload.demo.controller.UploadController.login()
2018-10-17 16:08:39.106  INFO 8148 --- [main] s.w.s.m.m.a.RequestMappingHandlerMapping : Mapped "{[/upload/queryFile]}" onto public com.upload.demo.entity.ZtreeNodeEntity com.upload.demo.controller.UploadController.getDir(java.lang.String) throws java.net.MalformedURLException,jcifs.smb.SmbException
2018-10-17 16:08:39.107  INFO 8148 --- [main] s.w.s.m.m.a.RequestMappingHandlerMapping : Mapped "{[/upload/checkUser],produces=[application/json;charset=utf-8]}" onto public void com.upload.demo.controller.UploadController.checkUser(javax.servlet.http.HttpServletRequest,javax.servlet.http.HttpServletResponse) throws java.io.IOException
2018-10-17 16:08:39.108  INFO 8148 --- [main] s.w.s.m.m.a.RequestMappingHandlerMapping : Mapped "{[/upload/main]}" onto public java.lang.String com.upload.demo.controller.UploadController.toMain(org.springframework.ui.ModelMap)
2018-10-17 16:08:39.108  INFO 8148 --- [main] s.w.s.m.m.a.RequestMappingHandlerMapping : Mapped "{[/upload/uploadFiles]}" onto public java.util.Map<java.lang.String, java.lang.String> com.upload.demo.controller.UploadController.uploadFiles(org.springframework.web.multipart.MultipartFile[],java.lang.String,java.lang.String,java.lang.String,java.lang.String,javax.servlet.http.HttpServletRequest,javax.servlet.http.HttpServletResponse) throws java.io.IOException
2018-10-17 16:08:39.109  INFO 8148 --- [main] s.w.s.m.m.a.RequestMappingHandlerMapping : Mapped "{[/upload/toQuery]}" onto public java.lang.String com.upload.demo.controller.UploadController.toQuery()
2018-10-17 16:08:39.111  INFO 8148 --- [main] s.w.s.m.m.a.RequestMappingHandlerMapping : Mapped "{[/upload/uploadFile]}" onto public java.util.Map<java.lang.String, java.lang.String> com.upload.demo.controller.UploadController.uploadFile(org.springframework.web.multipart.MultipartFile[],java.lang.String,java.lang.String,java.lang.String,java.lang.String,javax.servlet.http.HttpServletRequest,javax.servlet.http.HttpServletResponse)
2018-10-17 16:08:39.114  INFO 8148 --- [main] s.w.s.m.m.a.RequestMappingHandlerMapping : Mapped "{[/error]}" onto public org.springframework.http.ResponseEntity<java.util.Map<java.lang.String, java.lang.Object>> org.springframework.boot.autoconfigure.web.servlet.error.BasicErrorController.error(javax.servlet.http.HttpServletRequest)
2018-10-17 16:08:39.115  INFO 8148 --- [main] s.w.s.m.m.a.RequestMappingHandlerMapping : Mapped "{[/error],produces=[text/html]}" onto public org.springframework.web.servlet.ModelAndView org.springframework.boot.autoconfigure.web.servlet.error.BasicErrorController.errorHtml(javax.servlet.http.HttpServletRequest,javax.servlet.http.HttpServletResponse)
2018-10-17 16:08:39.147  INFO 8148 --- [main] o.s.w.s.handler.SimpleUrlHandlerMapping  : Mapped URL path [/webjars/**] onto handler of type [class org.springframework.web.servlet.resource.ResourceHttpRequestHandler]
2018-10-17 16:08:39.147  INFO 8148 --- [main] o.s.w.s.handler.SimpleUrlHandlerMapping  : Mapped URL path [/**] onto handler of type [class org.springframework.web.servlet.resource.ResourceHttpRequestHandler]
2018-10-17 16:08:39.300  WARN 8148 --- [main] org.thymeleaf.templatemode.TemplateMode  : [THYMELEAF][main] Template Mode 'HTML5' is deprecated. Using Template Mode 'HTML' instead.
2018-10-17 16:08:40.282  INFO 8148 --- [main] com.upload.demo.DemoApplicationTests     : Started DemoApplicationTests in 4.125 seconds (JVM running for 5.513)
2018-10-17 16:08:40.494  INFO 8148 --- [Thread-3] o.s.w.c.s.GenericWebApplicationContext   : Closing org.springframework.web.context.support.GenericWebApplicationContext@6dd7b5a3: startup date [Wed Oct 17 16:08:36 CST 2018]; root of context hierarchy
2018-10-17 16:09:02.416  INFO 19996 --- [main] com.upload.demo.DemoApplicationTests     : Starting DemoApplicationTests on C1-T-TE-0059 with PID 19996 (started by 00056929 in E:\workspace\IdeaProjects\demo)
2018-10-17 16:09:02.418  INFO 19996 --- [main] com.upload.demo.DemoApplicationTests     : No active profile set, falling back to default profiles: default
2018-10-17 16:09:02.456  INFO 19996 --- [main] o.s.w.c.s.GenericWebApplicationContext   : Refreshing org.springframework.web.context.support.GenericWebApplicationContext@6dd7b5a3: startup date [Wed Oct 17 16:09:02 CST 2018]; root of context hierarchy
2018-10-17 16:09:03.258  WARN 19996 --- [main] o.m.s.mapper.ClassPathMapperScanner      : No MyBatis mapper was found in '[com.upload.demo]' package. Please check your configuration.
2018-10-17 16:09:03.839  INFO 19996 --- [main] trationDelegate$BeanPostProcessorChecker : Bean 'org.springframework.ws.config.annotation.DelegatingWsConfiguration' of type [org.springframework.ws.config.annotation.DelegatingWsConfiguration$$EnhancerBySpringCGLIB$$60d6db87] is not eligible for getting processed by all BeanPostProcessors (for example: not eligible for auto-proxying)
2018-10-17 16:09:03.894  INFO 19996 --- [main] .w.s.a.s.AnnotationActionEndpointMapping : Supporting [WS-Addressing August 2004, WS-Addressing 1.0]
2018-10-17 16:09:04.340  INFO 19996 --- [main] o.s.w.s.handler.SimpleUrlHandlerMapping  : Mapped URL path [/**/favicon.ico] onto handler of type [class org.springframework.web.servlet.resource.ResourceHttpRequestHandler]
2018-10-17 16:09:04.544  INFO 19996 --- [main] s.w.s.m.m.a.RequestMappingHandlerAdapter : Looking for @ControllerAdvice: org.springframework.web.context.support.GenericWebApplicationContext@6dd7b5a3: startup date [Wed Oct 17 16:09:02 CST 2018]; root of context hierarchy
2018-10-17 16:09:04.652  INFO 19996 --- [main] s.w.s.m.m.a.RequestMappingHandlerMapping : Mapped "{[/upload/test]}" onto public java.lang.String com.upload.demo.controller.UploadController.test()
2018-10-17 16:09:04.656  INFO 19996 --- [main] s.w.s.m.m.a.RequestMappingHandlerMapping : Mapped "{[/upload/login]}" onto public java.lang.String com.upload.demo.controller.UploadController.login()
2018-10-17 16:09:04.657  INFO 19996 --- [main] s.w.s.m.m.a.RequestMappingHandlerMapping : Mapped "{[/upload/queryFile]}" onto public com.upload.demo.entity.ZtreeNodeEntity com.upload.demo.controller.UploadController.getDir(java.lang.String) throws java.net.MalformedURLException,jcifs.smb.SmbException
2018-10-17 16:09:04.658  INFO 19996 --- [main] s.w.s.m.m.a.RequestMappingHandlerMapping : Mapped "{[/upload/checkUser],produces=[application/json;charset=utf-8]}" onto public void com.upload.demo.controller.UploadController.checkUser(javax.servlet.http.HttpServletRequest,javax.servlet.http.HttpServletResponse) throws java.io.IOException
2018-10-17 16:09:04.659  INFO 19996 --- [main] s.w.s.m.m.a.RequestMappingHandlerMapping : Mapped "{[/upload/toQuery]}" onto public java.lang.String com.upload.demo.controller.UploadController.toQuery()
2018-10-17 16:09:04.659  INFO 19996 --- [main] s.w.s.m.m.a.RequestMappingHandlerMapping : Mapped "{[/upload/uploadFiles]}" onto public java.util.Map<java.lang.String, java.lang.String> com.upload.demo.controller.UploadController.uploadFiles(org.springframework.web.multipart.MultipartFile[],java.lang.String,java.lang.String,java.lang.String,java.lang.String,javax.servlet.http.HttpServletRequest,javax.servlet.http.HttpServletResponse) throws java.io.IOException
2018-10-17 16:09:04.660  INFO 19996 --- [main] s.w.s.m.m.a.RequestMappingHandlerMapping : Mapped "{[/upload/uploadFile]}" onto public java.util.Map<java.lang.String, java.lang.String> com.upload.demo.controller.UploadController.uploadFile(org.springframework.web.multipart.MultipartFile[],java.lang.String,java.lang.String,java.lang.String,java.lang.String,javax.servlet.http.HttpServletRequest,javax.servlet.http.HttpServletResponse)
2018-10-17 16:09:04.660  INFO 19996 --- [main] s.w.s.m.m.a.RequestMappingHandlerMapping : Mapped "{[/upload/main]}" onto public java.lang.String com.upload.demo.controller.UploadController.toMain(org.springframework.ui.ModelMap)
2018-10-17 16:09:04.663  INFO 19996 --- [main] s.w.s.m.m.a.RequestMappingHandlerMapping : Mapped "{[/error]}" onto public org.springframework.http.ResponseEntity<java.util.Map<java.lang.String, java.lang.Object>> org.springframework.boot.autoconfigure.web.servlet.error.BasicErrorController.error(javax.servlet.http.HttpServletRequest)
2018-10-17 16:09:04.664  INFO 19996 --- [main] s.w.s.m.m.a.RequestMappingHandlerMapping : Mapped "{[/error],produces=[text/html]}" onto public org.springframework.web.servlet.ModelAndView org.springframework.boot.autoconfigure.web.servlet.error.BasicErrorController.errorHtml(javax.servlet.http.HttpServletRequest,javax.servlet.http.HttpServletResponse)
2018-10-17 16:09:04.699  INFO 19996 --- [main] o.s.w.s.handler.SimpleUrlHandlerMapping  : Mapped URL path [/webjars/**] onto handler of type [class org.springframework.web.servlet.resource.ResourceHttpRequestHandler]
2018-10-17 16:09:04.699  INFO 19996 --- [main] o.s.w.s.handler.SimpleUrlHandlerMapping  : Mapped URL path [/**] onto handler of type [class org.springframework.web.servlet.resource.ResourceHttpRequestHandler]
2018-10-17 16:09:04.819  WARN 19996 --- [main] org.thymeleaf.templatemode.TemplateMode  : [THYMELEAF][main] Template Mode 'HTML5' is deprecated. Using Template Mode 'HTML' instead.
2018-10-17 16:09:05.430  INFO 19996 --- [main] com.upload.demo.DemoApplicationTests     : Started DemoApplicationTests in 3.444 seconds (JVM running for 4.766)
2018-10-17 16:09:05.596  INFO 19996 --- [Thread-3] o.s.w.c.s.GenericWebApplicationContext   : Closing org.springframework.web.context.support.GenericWebApplicationContext@6dd7b5a3: startup date [Wed Oct 17 16:09:02 CST 2018]; root of context hierarchy
2018-10-17 16:09:28.650  INFO 21296 --- [main] com.upload.demo.DemoApplicationTests     : Starting DemoApplicationTests on C1-T-TE-0059 with PID 21296 (started by 00056929 in E:\workspace\IdeaProjects\demo)
2018-10-17 16:09:28.651  INFO 21296 --- [main] com.upload.demo.DemoApplicationTests     : No active profile set, falling back to default profiles: default
2018-10-17 16:09:28.687  INFO 21296 --- [main] o.s.w.c.s.GenericWebApplicationContext   : Refreshing org.springframework.web.context.support.GenericWebApplicationContext@6dd7b5a3: startup date [Wed Oct 17 16:09:28 CST 2018]; root of context hierarchy
2018-10-17 16:09:29.431  WARN 21296 --- [main] o.m.s.mapper.ClassPathMapperScanner      : No MyBatis mapper was found in '[com.upload.demo]' package. Please check your configuration.
2018-10-17 16:09:29.991  INFO 21296 --- [main] trationDelegate$BeanPostProcessorChecker : Bean 'org.springframework.ws.config.annotation.DelegatingWsConfiguration' of type [org.springframework.ws.config.annotation.DelegatingWsConfiguration$$EnhancerBySpringCGLIB$$4d001ba] is not eligible for getting processed by all BeanPostProcessors (for example: not eligible for auto-proxying)
2018-10-17 16:09:30.042  INFO 21296 --- [main] .w.s.a.s.AnnotationActionEndpointMapping : Supporting [WS-Addressing August 2004, WS-Addressing 1.0]
2018-10-17 16:09:30.478  INFO 21296 --- [main] o.s.w.s.handler.SimpleUrlHandlerMapping  : Mapped URL path [/**/favicon.ico] onto handler of type [class org.springframework.web.servlet.resource.ResourceHttpRequestHandler]
2018-10-17 16:09:30.717  INFO 21296 --- [main] s.w.s.m.m.a.RequestMappingHandlerAdapter : Looking for @ControllerAdvice: org.springframework.web.context.support.GenericWebApplicationContext@6dd7b5a3: startup date [Wed Oct 17 16:09:28 CST 2018]; root of context hierarchy
2018-10-17 16:09:30.842  INFO 21296 --- [main] s.w.s.m.m.a.RequestMappingHandlerMapping : Mapped "{[/upload/test]}" onto public java.lang.String com.upload.demo.controller.UploadController.test()
2018-10-17 16:09:30.843  INFO 21296 --- [main] s.w.s.m.m.a.RequestMappingHandlerMapping : Mapped "{[/upload/login]}" onto public java.lang.String com.upload.demo.controller.UploadController.login()
2018-10-17 16:09:30.844  INFO 21296 --- [main] s.w.s.m.m.a.RequestMappingHandlerMapping : Mapped "{[/upload/queryFile]}" onto public com.upload.demo.entity.ZtreeNodeEntity com.upload.demo.controller.UploadController.getDir(java.lang.String) throws java.net.MalformedURLException,jcifs.smb.SmbException
2018-10-17 16:09:30.845  INFO 21296 --- [main] s.w.s.m.m.a.RequestMappingHandlerMapping : Mapped "{[/upload/uploadFiles]}" onto public java.util.Map<java.lang.String, java.lang.String> com.upload.demo.controller.UploadController.uploadFiles(org.springframework.web.multipart.MultipartFile[],java.lang.String,java.lang.String,java.lang.String,java.lang.String,javax.servlet.http.HttpServletRequest,javax.servlet.http.HttpServletResponse) throws java.io.IOException
2018-10-17 16:09:30.845  INFO 21296 --- [main] s.w.s.m.m.a.RequestMappingHandlerMapping : Mapped "{[/upload/main]}" onto public java.lang.String com.upload.demo.controller.UploadController.toMain(org.springframework.ui.ModelMap)
2018-10-17 16:09:30.846  INFO 21296 --- [main] s.w.s.m.m.a.RequestMappingHandlerMapping : Mapped "{[/upload/checkUser],produces=[application/json;charset=utf-8]}" onto public void com.upload.demo.controller.UploadController.checkUser(javax.servlet.http.HttpServletRequest,javax.servlet.http.HttpServletResponse) throws java.io.IOException
2018-10-17 16:09:30.847  INFO 21296 --- [main] s.w.s.m.m.a.RequestMappingHandlerMapping : Mapped "{[/upload/uploadFile]}" onto public java.util.Map<java.lang.String, java.lang.String> com.upload.demo.controller.UploadController.uploadFile(org.springframework.web.multipart.MultipartFile[],java.lang.String,java.lang.String,java.lang.String,java.lang.String,javax.servlet.http.HttpServletRequest,javax.servlet.http.HttpServletResponse)
2018-10-17 16:09:30.847  INFO 21296 --- [main] s.w.s.m.m.a.RequestMappingHandlerMapping : Mapped "{[/upload/toQuery]}" onto public java.lang.String com.upload.demo.controller.UploadController.toQuery()
2018-10-17 16:09:30.851  INFO 21296 --- [main] s.w.s.m.m.a.RequestMappingHandlerMapping : Mapped "{[/error]}" onto public org.springframework.http.ResponseEntity<java.util.Map<java.lang.String, java.lang.Object>> org.springframework.boot.autoconfigure.web.servlet.error.BasicErrorController.error(javax.servlet.http.HttpServletRequest)
2018-10-17 16:09:30.851  INFO 21296 --- [main] s.w.s.m.m.a.RequestMappingHandlerMapping : Mapped "{[/error],produces=[text/html]}" onto public org.springframework.web.servlet.ModelAndView org.springframework.boot.autoconfigure.web.servlet.error.BasicErrorController.errorHtml(javax.servlet.http.HttpServletRequest,javax.servlet.http.HttpServletResponse)
2018-10-17 16:09:30.886  INFO 21296 --- [main] o.s.w.s.handler.SimpleUrlHandlerMapping  : Mapped URL path [/webjars/**] onto handler of type [class org.springframework.web.servlet.resource.ResourceHttpRequestHandler]
2018-10-17 16:09:30.886  INFO 21296 --- [main] o.s.w.s.handler.SimpleUrlHandlerMapping  : Mapped URL path [/**] onto handler of type [class org.springframework.web.servlet.resource.ResourceHttpRequestHandler]
2018-10-17 16:09:30.975  WARN 21296 --- [main] org.thymeleaf.templatemode.TemplateMode  : [THYMELEAF][main] Template Mode 'HTML5' is deprecated. Using Template Mode 'HTML' instead.
2018-10-17 16:09:31.665  INFO 21296 --- [main] com.upload.demo.DemoApplicationTests     : Started DemoApplicationTests in 3.437 seconds (JVM running for 4.747)
2018-10-17 16:09:31.838  INFO 21296 --- [Thread-3] o.s.w.c.s.GenericWebApplicationContext   : Closing org.springframework.web.context.support.GenericWebApplicationContext@6dd7b5a3: startup date [Wed Oct 17 16:09:28 CST 2018]; root of context hierarchy
2018-10-17 16:12:30.744  INFO 18040 --- [main] com.upload.demo.DemoApplicationTests     : Starting DemoApplicationTests on C1-T-TE-0059 with PID 18040 (started by 00056929 in E:\workspace\IdeaProjects\demo)
2018-10-17 16:12:30.745  INFO 18040 --- [main] com.upload.demo.DemoApplicationTests     : No active profile set, falling back to default profiles: default
2018-10-17 16:12:30.797  INFO 18040 --- [main] o.s.w.c.s.GenericWebApplicationContext   : Refreshing org.springframework.web.context.support.GenericWebApplicationContext@6dd7b5a3: startup date [Wed Oct 17 16:12:30 CST 2018]; root of context hierarchy
2018-10-17 16:12:31.647  WARN 18040 --- [main] o.m.s.mapper.ClassPathMapperScanner      : No MyBatis mapper was found in '[com.upload.demo]' package. Please check your configuration.
2018-10-17 16:12:32.270  INFO 18040 --- [main] trationDelegate$BeanPostProcessorChecker : Bean 'org.springframework.ws.config.annotation.DelegatingWsConfiguration' of type [org.springframework.ws.config.annotation.DelegatingWsConfiguration$$EnhancerBySpringCGLIB$$e1c3e957] is not eligible for getting processed by all BeanPostProcessors (for example: not eligible for auto-proxying)
2018-10-17 16:12:32.327  INFO 18040 --- [main] .w.s.a.s.AnnotationActionEndpointMapping : Supporting [WS-Addressing August 2004, WS-Addressing 1.0]
2018-10-17 16:12:32.827  INFO 18040 --- [main] o.s.w.s.handler.SimpleUrlHandlerMapping  : Mapped URL path [/**/favicon.ico] onto handler of type [class org.springframework.web.servlet.resource.ResourceHttpRequestHandler]
2018-10-17 16:12:33.053  INFO 18040 --- [main] s.w.s.m.m.a.RequestMappingHandlerAdapter : Looking for @ControllerAdvice: org.springframework.web.context.support.GenericWebApplicationContext@6dd7b5a3: startup date [Wed Oct 17 16:12:30 CST 2018]; root of context hierarchy
2018-10-17 16:12:33.171  INFO 18040 --- [main] s.w.s.m.m.a.RequestMappingHandlerMapping : Mapped "{[/upload/test]}" onto public java.lang.String com.upload.demo.controller.UploadController.test()
2018-10-17 16:12:33.173  INFO 18040 --- [main] s.w.s.m.m.a.RequestMappingHandlerMapping : Mapped "{[/upload/login]}" onto public java.lang.String com.upload.demo.controller.UploadController.login()
2018-10-17 16:12:33.174  INFO 18040 --- [main] s.w.s.m.m.a.RequestMappingHandlerMapping : Mapped "{[/upload/queryFile]}" onto public com.upload.demo.entity.ZtreeNodeEntity com.upload.demo.controller.UploadController.getDir(java.lang.String) throws java.net.MalformedURLException,jcifs.smb.SmbException
2018-10-17 16:12:33.174  INFO 18040 --- [main] s.w.s.m.m.a.RequestMappingHandlerMapping : Mapped "{[/upload/main]}" onto public java.lang.String com.upload.demo.controller.UploadController.toMain(org.springframework.ui.ModelMap)
2018-10-17 16:12:33.175  INFO 18040 --- [main] s.w.s.m.m.a.RequestMappingHandlerMapping : Mapped "{[/upload/uploadFiles]}" onto public java.util.Map<java.lang.String, java.lang.String> com.upload.demo.controller.UploadController.uploadFiles(org.springframework.web.multipart.MultipartFile[],java.lang.String,java.lang.String,java.lang.String,java.lang.String,javax.servlet.http.HttpServletRequest,javax.servlet.http.HttpServletResponse) throws java.io.IOException
2018-10-17 16:12:33.176  INFO 18040 --- [main] s.w.s.m.m.a.RequestMappingHandlerMapping : Mapped "{[/upload/checkUser],produces=[application/json;charset=utf-8]}" onto public void com.upload.demo.controller.UploadController.checkUser(javax.servlet.http.HttpServletRequest,javax.servlet.http.HttpServletResponse) throws java.io.IOException
2018-10-17 16:12:33.177  INFO 18040 --- [main] s.w.s.m.m.a.RequestMappingHandlerMapping : Mapped "{[/upload/uploadFile]}" onto public java.util.Map<java.lang.String, java.lang.String> com.upload.demo.controller.UploadController.uploadFile(org.springframework.web.multipart.MultipartFile[],java.lang.String,java.lang.String,java.lang.String,java.lang.String,javax.servlet.http.HttpServletRequest,javax.servlet.http.HttpServletResponse)
2018-10-17 16:12:33.178  INFO 18040 --- [main] s.w.s.m.m.a.RequestMappingHandlerMapping : Mapped "{[/upload/toQuery]}" onto public java.lang.String com.upload.demo.controller.UploadController.toQuery()
2018-10-17 16:12:33.181  INFO 18040 --- [main] s.w.s.m.m.a.RequestMappingHandlerMapping : Mapped "{[/error]}" onto public org.springframework.http.ResponseEntity<java.util.Map<java.lang.String, java.lang.Object>> org.springframework.boot.autoconfigure.web.servlet.error.BasicErrorController.error(javax.servlet.http.HttpServletRequest)
2018-10-17 16:12:33.183  INFO 18040 --- [main] s.w.s.m.m.a.RequestMappingHandlerMapping : Mapped "{[/error],produces=[text/html]}" onto public org.springframework.web.servlet.ModelAndView org.springframework.boot.autoconfigure.web.servlet.error.BasicErrorController.errorHtml(javax.servlet.http.HttpServletRequest,javax.servlet.http.HttpServletResponse)
2018-10-17 16:12:33.233  INFO 18040 --- [main] o.s.w.s.handler.SimpleUrlHandlerMapping  : Mapped URL path [/webjars/**] onto handler of type [class org.springframework.web.servlet.resource.ResourceHttpRequestHandler]
2018-10-17 16:12:33.234  INFO 18040 --- [main] o.s.w.s.handler.SimpleUrlHandlerMapping  : Mapped URL path [/**] onto handler of type [class org.springframework.web.servlet.resource.ResourceHttpRequestHandler]
2018-10-17 16:12:33.336  WARN 18040 --- [main] org.thymeleaf.templatemode.TemplateMode  : [THYMELEAF][main] Template Mode 'HTML5' is deprecated. Using Template Mode 'HTML' instead.
2018-10-17 16:12:34.106  INFO 18040 --- [main] com.upload.demo.DemoApplicationTests     : Started DemoApplicationTests in 3.828 seconds (JVM running for 5.234)
2018-10-17 16:12:34.277  INFO 18040 --- [Thread-3] o.s.w.c.s.GenericWebApplicationContext   : Closing org.springframework.web.context.support.GenericWebApplicationContext@6dd7b5a3: startup date [Wed Oct 17 16:12:30 CST 2018]; root of context hierarchy
2018-10-17 16:15:25.541  INFO 18560 --- [restartedMain] com.upload.demo.DemoApplication          : Starting DemoApplication on C1-T-TE-0059 with PID 18560 (E:\workspace\IdeaProjects\demo\target\classes started by 00056929 in E:\workspace\IdeaProjects\demo)
2018-10-17 16:15:25.543  INFO 18560 --- [restartedMain] com.upload.demo.DemoApplication          : No active profile set, falling back to default profiles: default
2018-10-17 16:15:25.575  INFO 18560 --- [restartedMain] ConfigServletWebServerApplicationContext : Refreshing org.springframework.boot.web.servlet.context.AnnotationConfigServletWebServerApplicationContext@2b9e112: startup date [Wed Oct 17 16:15:25 CST 2018]; root of context hierarchy
2018-10-17 16:15:26.175  WARN 18560 --- [restartedMain] o.m.s.mapper.ClassPathMapperScanner      : No MyBatis mapper was found in '[com.upload.demo]' package. Please check your configuration.
2018-10-17 16:15:26.493  INFO 18560 --- [restartedMain] trationDelegate$BeanPostProcessorChecker : Bean 'org.springframework.ws.config.annotation.DelegatingWsConfiguration' of type [org.springframework.ws.config.annotation.DelegatingWsConfiguration$$EnhancerBySpringCGLIB$$acc3d582] is not eligible for getting processed by all BeanPostProcessors (for example: not eligible for auto-proxying)
2018-10-17 16:15:26.521  INFO 18560 --- [restartedMain] .w.s.a.s.AnnotationActionEndpointMapping : Supporting [WS-Addressing August 2004, WS-Addressing 1.0]
2018-10-17 16:15:27.015  INFO 18560 --- [restartedMain] o.s.b.w.embedded.tomcat.TomcatWebServer  : Tomcat initialized with port(s): 8011 (http)
2018-10-17 16:15:27.030  INFO 18560 --- [restartedMain] o.apache.catalina.core.StandardService   : Starting service [Tomcat]
2018-10-17 16:15:27.031  INFO 18560 --- [restartedMain] org.apache.catalina.core.StandardEngine  : Starting Servlet Engine: Apache Tomcat/8.5.34
2018-10-17 16:15:27.034  INFO 18560 --- [localhost-startStop-1] o.a.catalina.core.AprLifecycleListener   : The APR based Apache Tomcat Native library which allows optimal performance in production environments was not found on the java.library.path: [C:\Program Files\Java\jdk1.8.0_171\bin;C:\Windows\Sun\Java\bin;C:\Windows\system32;C:\Windows;D:\soft\Python\Scripts\;D:\soft\Python\;D:\oracle\product\11.2.0\client_1\bin;C:\Program Files (x86)\Common Files\Oracle\Java\javapath;C:\Windows\system32;C:\Windows;C:\Windows\System32\Wbem;C:\Windows\System32\WindowsPowerShell\v1.0\;C:\Windows\System32\OpenSSH\;C:\Program Files\Java\jdk1.8.0_171\bin;D:\soft\Git\Git\cmd;C:\Program Files\TortoiseSVN\bin;C:\Program Files\apache-maven-3.5.4\bin;C:\Program Files\SlikSvn\bin;C:\Windows\Microsoft.NET\Framework\v2.0.50727;C:\Program Files (x86)\Microsoft SQL Server\90\Tools\binn\;C:\Users\00056929\AppData\Local\Microsoft\WindowsApps;c:\program files\esafenet\cobra docguard client;;D:\soft\fiddler;.]
2018-10-17 16:15:27.270  INFO 18560 --- [localhost-startStop-1] o.a.c.c.C.[Tomcat].[localhost].[/]       : Initializing Spring embedded WebApplicationContext
2018-10-17 16:15:27.270  INFO 18560 --- [localhost-startStop-1] o.s.web.context.ContextLoader            : Root WebApplicationContext: initialization completed in 1695 ms
2018-10-17 16:15:27.415  INFO 18560 --- [localhost-startStop-1] o.s.b.w.servlet.ServletRegistrationBean  : Servlet dispatcherServlet mapped to [/]
2018-10-17 16:15:27.416  INFO 18560 --- [localhost-startStop-1] o.s.b.w.servlet.ServletRegistrationBean  : Servlet messageDispatcherServlet mapped to [/services/*]
2018-10-17 16:15:27.419  INFO 18560 --- [localhost-startStop-1] o.s.b.w.servlet.FilterRegistrationBean   : Mapping filter: 'characterEncodingFilter' to: [/*]
2018-10-17 16:15:27.419  INFO 18560 --- [localhost-startStop-1] o.s.b.w.servlet.FilterRegistrationBean   : Mapping filter: 'hiddenHttpMethodFilter' to: [/*]
2018-10-17 16:15:27.419  INFO 18560 --- [localhost-startStop-1] o.s.b.w.servlet.FilterRegistrationBean   : Mapping filter: 'httpPutFormContentFilter' to: [/*]
2018-10-17 16:15:27.419  INFO 18560 --- [localhost-startStop-1] o.s.b.w.servlet.FilterRegistrationBean   : Mapping filter: 'requestContextFilter' to: [/*]
2018-10-17 16:15:27.515  INFO 18560 --- [restartedMain] o.s.w.s.handler.SimpleUrlHandlerMapping  : Mapped URL path [/**/favicon.ico] onto handler of type [class org.springframework.web.servlet.resource.ResourceHttpRequestHandler]
2018-10-17 16:15:27.762  INFO 18560 --- [restartedMain] s.w.s.m.m.a.RequestMappingHandlerAdapter : Looking for @ControllerAdvice: org.springframework.boot.web.servlet.context.AnnotationConfigServletWebServerApplicationContext@2b9e112: startup date [Wed Oct 17 16:15:25 CST 2018]; root of context hierarchy
2018-10-17 16:15:27.817  INFO 18560 --- [restartedMain] s.w.s.m.m.a.RequestMappingHandlerMapping : Mapped "{[/upload/test]}" onto public java.lang.String com.upload.demo.controller.UploadController.test()
2018-10-17 16:15:27.818  INFO 18560 --- [restartedMain] s.w.s.m.m.a.RequestMappingHandlerMapping : Mapped "{[/upload/login]}" onto public java.lang.String com.upload.demo.controller.UploadController.login()
2018-10-17 16:15:27.819  INFO 18560 --- [restartedMain] s.w.s.m.m.a.RequestMappingHandlerMapping : Mapped "{[/upload/queryFile]}" onto public com.upload.demo.entity.ZtreeNodeEntity com.upload.demo.controller.UploadController.getDir(java.lang.String) throws java.net.MalformedURLException,jcifs.smb.SmbException
2018-10-17 16:15:27.820  INFO 18560 --- [restartedMain] s.w.s.m.m.a.RequestMappingHandlerMapping : Mapped "{[/upload/checkUser],produces=[application/json;charset=utf-8]}" onto public void com.upload.demo.controller.UploadController.checkUser(javax.servlet.http.HttpServletRequest,javax.servlet.http.HttpServletResponse) throws java.io.IOException
2018-10-17 16:15:27.821  INFO 18560 --- [restartedMain] s.w.s.m.m.a.RequestMappingHandlerMapping : Mapped "{[/upload/main]}" onto public java.lang.String com.upload.demo.controller.UploadController.toMain(org.springframework.ui.ModelMap)
2018-10-17 16:15:27.821  INFO 18560 --- [restartedMain] s.w.s.m.m.a.RequestMappingHandlerMapping : Mapped "{[/upload/toQuery]}" onto public java.lang.String com.upload.demo.controller.UploadController.toQuery()
2018-10-17 16:15:27.821  INFO 18560 --- [restartedMain] s.w.s.m.m.a.RequestMappingHandlerMapping : Mapped "{[/upload/uploadFile]}" onto public java.util.Map<java.lang.String, java.lang.String> com.upload.demo.controller.UploadController.uploadFile(org.springframework.web.multipart.MultipartFile[],java.lang.String,java.lang.String,java.lang.String,java.lang.String,javax.servlet.http.HttpServletRequest,javax.servlet.http.HttpServletResponse)
2018-10-17 16:15:27.821  INFO 18560 --- [restartedMain] s.w.s.m.m.a.RequestMappingHandlerMapping : Mapped "{[/upload/uploadFiles]}" onto public java.util.Map<java.lang.String, java.lang.String> com.upload.demo.controller.UploadController.uploadFiles(org.springframework.web.multipart.MultipartFile[],java.lang.String,java.lang.String,java.lang.String,java.lang.String,javax.servlet.http.HttpServletRequest,javax.servlet.http.HttpServletResponse) throws java.io.IOException
2018-10-17 16:15:27.823  INFO 18560 --- [restartedMain] s.w.s.m.m.a.RequestMappingHandlerMapping : Mapped "{[/error]}" onto public org.springframework.http.ResponseEntity<java.util.Map<java.lang.String, java.lang.Object>> org.springframework.boot.autoconfigure.web.servlet.error.BasicErrorController.error(javax.servlet.http.HttpServletRequest)
2018-10-17 16:15:27.823  INFO 18560 --- [restartedMain] s.w.s.m.m.a.RequestMappingHandlerMapping : Mapped "{[/error],produces=[text/html]}" onto public org.springframework.web.servlet.ModelAndView org.springframework.boot.autoconfigure.web.servlet.error.BasicErrorController.errorHtml(javax.servlet.http.HttpServletRequest,javax.servlet.http.HttpServletResponse)
2018-10-17 16:15:27.846  INFO 18560 --- [restartedMain] o.s.w.s.handler.SimpleUrlHandlerMapping  : Mapped URL path [/webjars/**] onto handler of type [class org.springframework.web.servlet.resource.ResourceHttpRequestHandler]
2018-10-17 16:15:27.846  INFO 18560 --- [restartedMain] o.s.w.s.handler.SimpleUrlHandlerMapping  : Mapped URL path [/**] onto handler of type [class org.springframework.web.servlet.resource.ResourceHttpRequestHandler]
2018-10-17 16:15:27.891  WARN 18560 --- [restartedMain] org.thymeleaf.templatemode.TemplateMode  : [THYMELEAF][restartedMain] Template Mode 'HTML5' is deprecated. Using Template Mode 'HTML' instead.
2018-10-17 16:15:28.406  INFO 18560 --- [restartedMain] o.s.b.d.a.OptionalLiveReloadServer       : LiveReload server is running on port 35729
2018-10-17 16:15:28.431  INFO 18560 --- [restartedMain] o.s.j.e.a.AnnotationMBeanExporter        : Registering beans for JMX exposure on startup
2018-10-17 16:15:28.433  INFO 18560 --- [restartedMain] o.s.j.e.a.AnnotationMBeanExporter        : Bean with name 'dataSource' has been autodetected for JMX exposure
2018-10-17 16:15:28.439  INFO 18560 --- [restartedMain] o.s.j.e.a.AnnotationMBeanExporter        : Located MBean 'dataSource': registering with JMX server as MBean [com.zaxxer.hikari:name=dataSource,type=HikariDataSource]
2018-10-17 16:15:28.583  INFO 18560 --- [restartedMain] o.s.b.w.embedded.tomcat.TomcatWebServer  : Tomcat started on port(s): 8011 (http) with context path ''
2018-10-17 16:15:28.588  INFO 18560 --- [restartedMain] com.upload.demo.DemoApplication          : Started DemoApplication in 3.378 seconds (JVM running for 4.977)
2018-10-17 16:15:42.354  INFO 18560 --- [http-nio-8011-exec-1] o.a.c.c.C.[Tomcat].[localhost].[/]       : Initializing Spring FrameworkServlet 'dispatcherServlet'
2018-10-17 16:15:42.355  INFO 18560 --- [http-nio-8011-exec-1] o.s.web.servlet.DispatcherServlet        : FrameworkServlet 'dispatcherServlet': initialization started
2018-10-17 16:15:42.393  INFO 18560 --- [http-nio-8011-exec-1] o.s.web.servlet.DispatcherServlet        : FrameworkServlet 'dispatcherServlet': initialization completed in 38 ms
2018-10-17 16:16:52.641  INFO 8540 --- [main] com.upload.demo.DemoApplicationTests     : Starting DemoApplicationTests on C1-T-TE-0059 with PID 8540 (started by 00056929 in E:\workspace\IdeaProjects\demo)
2018-10-17 16:16:52.643  INFO 8540 --- [main] com.upload.demo.DemoApplicationTests     : No active profile set, falling back to default profiles: default
2018-10-17 16:16:52.685  INFO 8540 --- [main] o.s.w.c.s.GenericWebApplicationContext   : Refreshing org.springframework.web.context.support.GenericWebApplicationContext@6dd7b5a3: startup date [Wed Oct 17 16:16:52 CST 2018]; root of context hierarchy
2018-10-17 16:16:53.542  WARN 8540 --- [main] o.m.s.mapper.ClassPathMapperScanner      : No MyBatis mapper was found in '[com.upload.demo]' package. Please check your configuration.
2018-10-17 16:16:54.142  INFO 8540 --- [main] trationDelegate$BeanPostProcessorChecker : Bean 'org.springframework.ws.config.annotation.DelegatingWsConfiguration' of type [org.springframework.ws.config.annotation.DelegatingWsConfiguration$$EnhancerBySpringCGLIB$$2f9228a4] is not eligible for getting processed by all BeanPostProcessors (for example: not eligible for auto-proxying)
2018-10-17 16:16:54.188  INFO 8540 --- [main] .w.s.a.s.AnnotationActionEndpointMapping : Supporting [WS-Addressing August 2004, WS-Addressing 1.0]
2018-10-17 16:16:54.663  INFO 8540 --- [main] o.s.w.s.handler.SimpleUrlHandlerMapping  : Mapped URL path [/**/favicon.ico] onto handler of type [class org.springframework.web.servlet.resource.ResourceHttpRequestHandler]
2018-10-17 16:16:54.871  INFO 8540 --- [main] s.w.s.m.m.a.RequestMappingHandlerAdapter : Looking for @ControllerAdvice: org.springframework.web.context.support.GenericWebApplicationContext@6dd7b5a3: startup date [Wed Oct 17 16:16:52 CST 2018]; root of context hierarchy
2018-10-17 16:16:54.978  INFO 8540 --- [main] s.w.s.m.m.a.RequestMappingHandlerMapping : Mapped "{[/upload/test]}" onto public java.lang.String com.upload.demo.controller.UploadController.test()
2018-10-17 16:16:54.980  INFO 8540 --- [main] s.w.s.m.m.a.RequestMappingHandlerMapping : Mapped "{[/upload/main]}" onto public java.lang.String com.upload.demo.controller.UploadController.toMain(org.springframework.ui.ModelMap)
2018-10-17 16:16:54.982  INFO 8540 --- [main] s.w.s.m.m.a.RequestMappingHandlerMapping : Mapped "{[/upload/checkUser],produces=[application/json;charset=utf-8]}" onto public void com.upload.demo.controller.UploadController.checkUser(javax.servlet.http.HttpServletRequest,javax.servlet.http.HttpServletResponse) throws java.io.IOException
2018-10-17 16:16:54.983  INFO 8540 --- [main] s.w.s.m.m.a.RequestMappingHandlerMapping : Mapped "{[/upload/login]}" onto public java.lang.String com.upload.demo.controller.UploadController.login()
2018-10-17 16:16:54.984  INFO 8540 --- [main] s.w.s.m.m.a.RequestMappingHandlerMapping : Mapped "{[/upload/queryFile]}" onto public com.upload.demo.entity.ZtreeNodeEntity com.upload.demo.controller.UploadController.getDir(java.lang.String) throws java.net.MalformedURLException,jcifs.smb.SmbException
2018-10-17 16:16:54.984  INFO 8540 --- [main] s.w.s.m.m.a.RequestMappingHandlerMapping : Mapped "{[/upload/uploadFiles]}" onto public java.util.Map<java.lang.String, java.lang.String> com.upload.demo.controller.UploadController.uploadFiles(org.springframework.web.multipart.MultipartFile[],java.lang.String,java.lang.String,java.lang.String,java.lang.String,javax.servlet.http.HttpServletRequest,javax.servlet.http.HttpServletResponse) throws java.io.IOException
2018-10-17 16:16:54.985  INFO 8540 --- [main] s.w.s.m.m.a.RequestMappingHandlerMapping : Mapped "{[/upload/uploadFile]}" onto public java.util.Map<java.lang.String, java.lang.String> com.upload.demo.controller.UploadController.uploadFile(org.springframework.web.multipart.MultipartFile[],java.lang.String,java.lang.String,java.lang.String,java.lang.String,javax.servlet.http.HttpServletRequest,javax.servlet.http.HttpServletResponse)
2018-10-17 16:16:54.986  INFO 8540 --- [main] s.w.s.m.m.a.RequestMappingHandlerMapping : Mapped "{[/upload/toQuery]}" onto public java.lang.String com.upload.demo.controller.UploadController.toQuery()
2018-10-17 16:16:54.989  INFO 8540 --- [main] s.w.s.m.m.a.RequestMappingHandlerMapping : Mapped "{[/error]}" onto public org.springframework.http.ResponseEntity<java.util.Map<java.lang.String, java.lang.Object>> org.springframework.boot.autoconfigure.web.servlet.error.BasicErrorController.error(javax.servlet.http.HttpServletRequest)
2018-10-17 16:16:54.990  INFO 8540 --- [main] s.w.s.m.m.a.RequestMappingHandlerMapping : Mapped "{[/error],produces=[text/html]}" onto public org.springframework.web.servlet.ModelAndView org.springframework.boot.autoconfigure.web.servlet.error.BasicErrorController.errorHtml(javax.servlet.http.HttpServletRequest,javax.servlet.http.HttpServletResponse)
2018-10-17 16:16:55.032  INFO 8540 --- [main] o.s.w.s.handler.SimpleUrlHandlerMapping  : Mapped URL path [/webjars/**] onto handler of type [class org.springframework.web.servlet.resource.ResourceHttpRequestHandler]
2018-10-17 16:16:55.032  INFO 8540 --- [main] o.s.w.s.handler.SimpleUrlHandlerMapping  : Mapped URL path [/**] onto handler of type [class org.springframework.web.servlet.resource.ResourceHttpRequestHandler]
2018-10-17 16:16:55.156  WARN 8540 --- [main] org.thymeleaf.templatemode.TemplateMode  : [THYMELEAF][main] Template Mode 'HTML5' is deprecated. Using Template Mode 'HTML' instead.
2018-10-17 16:16:55.797  INFO 8540 --- [main] com.upload.demo.DemoApplicationTests     : Started DemoApplicationTests in 3.598 seconds (JVM running for 4.941)
2018-10-17 16:16:55.961  INFO 8540 --- [Thread-3] o.s.w.c.s.GenericWebApplicationContext   : Closing org.springframework.web.context.support.GenericWebApplicationContext@6dd7b5a3: startup date [Wed Oct 17 16:16:52 CST 2018]; root of context hierarchy
